timestamp: 2012-01-30T10:08:24.404694
CREATE TABLE auth_user(
    id INTEGER PRIMARY KEY AUTOINCREMENT,
    first_name CHAR(128),
    last_name CHAR(128),
    email CHAR(512),
    password CHAR(512),
    registration_key CHAR(512),
    reset_password_key CHAR(512)
);
success!
timestamp: 2012-01-30T10:08:24.499344
CREATE TABLE auth_group(
    id INTEGER PRIMARY KEY AUTOINCREMENT,
    role CHAR(512),
    description TEXT
);
success!
timestamp: 2012-01-30T10:08:24.548138
CREATE TABLE auth_membership(
    id INTEGER PRIMARY KEY AUTOINCREMENT,
    user_id INTEGER REFERENCES auth_user(id) ON DELETE CASCADE,
    group_id INTEGER REFERENCES auth_group(id) ON DELETE CASCADE
);
success!
timestamp: 2012-01-30T10:08:24.634140
CREATE TABLE auth_permission(
    id INTEGER PRIMARY KEY AUTOINCREMENT,
    group_id INTEGER REFERENCES auth_group(id) ON DELETE CASCADE,
    name CHAR(512),
    table_name CHAR(512),
    record_id INTEGER
);
success!
timestamp: 2012-01-30T10:08:24.682013
CREATE TABLE auth_event(
    id INTEGER PRIMARY KEY AUTOINCREMENT,
    time_stamp TIMESTAMP,
    client_ip CHAR(512),
    user_id INTEGER REFERENCES auth_user(id) ON DELETE CASCADE,
    origin CHAR(512),
    description TEXT
);
success!
timestamp: 2012-01-30T10:08:24.760110
CREATE TABLE auth_cas(
    id INTEGER PRIMARY KEY AUTOINCREMENT,
    user_id INTEGER REFERENCES auth_user(id) ON DELETE CASCADE,
    created_on TIMESTAMP,
    url CHAR(512),
    uuid CHAR(512)
);
success!
timestamp: 2012-01-30T10:10:10.322568
CREATE TABLE message(
    id INTEGER PRIMARY KEY AUTOINCREMENT,
    fromid INTEGER REFERENCES auth_user(id) ON DELETE CASCADE,
    toid INTEGER REFERENCES auth_user(id) ON DELETE CASCADE,
    timesent TIMESTAMP,
    subject TEXT,
    messages TEXT,
    opened CHAR(1),
    timeopened TIMESTAMP
);
success!
timestamp: 2012-01-30T14:47:04.951439
ALTER TABLE auth_user ADD username CHAR(512);
timestamp: 2012-01-30T14:47:05.060811
ALTER TABLE auth_user ADD city CHAR(512);
timestamp: 2012-01-30T14:47:05.114025
ALTER TABLE auth_user ADD zip CHAR(512);
timestamp: 2012-01-30T14:47:05.172525
ALTER TABLE auth_user ADD phone CHAR(512);
timestamp: 2012-01-30T14:47:05.229782
ALTER TABLE auth_user ADD address CHAR(512);
timestamp: 2012-01-31T10:21:57.786724
ALTER TABLE auth_user ADD registration_id CHAR(512);
DELETE FROM message;
DELETE FROM sqlite_sequence WHERE name='message';
success!
DELETE FROM message;
DELETE FROM sqlite_sequence WHERE name='message';
success!
